Drill report for tackle_sensor_hardware.kicad_pcb
Created on Monday, October 24, 2022 at 07:00:10 PM

Copper Layer Stackup:
    =============================================================
    L1 :  F.Cu                      front
    L2 :  In1.Cu                    in1
    L3 :  In2.Cu                    in2
    L4 :  B.Cu                      back


Drill file 'tackle_sensor_hardware-PTH.drl' contains
    plated through holes:
    =============================================================
    T1  0.200mm  0.0079"  (60 holes)
    T2  0.950mm  0.0374"  (7 holes)
    T3  1.000mm  0.0394"  (2 holes)

    Total plated holes count 69


Drill file 'tackle_sensor_hardware-NPTH.drl' contains
    unplated through holes:
    =============================================================
    T1  3.200mm  0.1260"  (4 holes)

    Total unplated holes count 4
